# JRE version: Java(TM) SE Runtime Environment (11.0.2+9) (build 11.0.2+9-LTS)
# Java VM: Java HotSpot(TM) 64-Bit Server VM (11.0.2+9-LTS, mixed mode, tiered, compressed oops, g1 gc, windows-amd64)
Heap:
 garbage-first heap   total 131072K, used 71628K [0x0000000080800000, 0x0000000100000000)
  region size 1024K, 45 young (46080K), 4 survivors (4096K)
 Metaspace       used 31788K, capacity 32336K, committed 32512K, reserved 1077248K
  class space    used 3599K, capacity 3840K, committed 3840K, reserved 1048576K
GC Heap History (10 events):
Event: 2.333 GC heap before
{Heap before GC invocations=0 (full 0):
 garbage-first heap   total 131072K, used 23552K [0x0000000080800000, 0x0000000100000000)
  region size 1024K, 24 young (24576K), 0 survivors (0K)
 Metaspace       used 19956K, capacity 20359K, committed 20608K, reserved 1067008K
  class space    used 2228K, capacity 2416K, committed 2432K, reserved 1048576K
}
Event: 2.339 GC heap after
{Heap after GC invocations=1 (full 0):
 garbage-first heap   total 131072K, used 5156K [0x0000000080800000, 0x0000000100000000)
  region size 1024K, 3 young (3072K), 3 survivors (3072K)
 Metaspace       used 19956K, capacity 20359K, committed 20608K, reserved 1067008K
  class space    used 2228K, capacity 2416K, committed 2432K, reserved 1048576K
}
Event: 2.556 GC heap before
{Heap before GC invocations=1 (full 0):
 garbage-first heap   total 131072K, used 12324K [0x0000000080800000, 0x0000000100000000)
  region size 1024K, 11 young (11264K), 3 survivors (3072K)
 Metaspace       used 20781K, capacity 21214K, committed 21248K, reserved 1069056K
  class space    used 2373K, capacity 2546K, committed 2560K, reserved 1048576K
}
Event: 2.563 GC heap after
{Heap after GC invocations=2 (full 0):
 garbage-first heap   total 131072K, used 6144K [0x0000000080800000, 0x0000000100000000)
  region size 1024K, 1 young (1024K), 1 survivors (1024K)
 Metaspace       used 20781K, capacity 21214K, committed 21248K, reserved 1069056K
  class space    used 2373K, capacity 2546K, committed 2560K, reserved 1048576K
}
Event: 11.823 GC heap before
{Heap before GC invocations=3 (full 0):
 garbage-first heap   total 131072K, used 43008K [0x0000000080800000, 0x0000000100000000)
  region size 1024K, 37 young (37888K), 1 survivors (1024K)
 Metaspace       used 30297K, capacity 30855K, committed 30976K, reserved 1077248K
  class space    used 3540K, capacity 3775K, committed 3840K, reserved 1048576K
}
Event: 11.829 GC heap after
{Heap after GC invocations=4 (full 0):
 garbage-first heap   total 131072K, used 11253K [0x0000000080800000, 0x0000000100000000)
  region size 1024K, 5 young (5120K), 5 survivors (5120K)
 Metaspace       used 30297K, capacity 30855K, committed 30976K, reserved 1077248K
  class space    used 3540K, capacity 3775K, committed 3840K, reserved 1048576K
}
Event: 302.046 GC heap before
{Heap before GC invocations=4 (full 0):
 garbage-first heap   total 131072K, used 59381K [0x0000000080800000, 0x0000000100000000)
  region size 1024K, 52 young (53248K), 5 survivors (5120K)
 Metaspace       used 31384K, capacity 31851K, committed 32000K, reserved 1077248K
  class space    used 3589K, capacity 3808K, committed 3840K, reserved 1048576K
}
Event: 302.051 GC heap after
{Heap after GC invocations=5 (full 0):
 garbage-first heap   total 131072K, used 14306K [0x0000000080800000, 0x0000000100000000)
  region size 1024K, 4 young (4096K), 4 survivors (4096K)
 Metaspace       used 31384K, capacity 31851K, committed 32000K, reserved 1077248K
  class space    used 3589K, capacity 3808K, committed 3840K, reserved 1048576K
}
Event: 14683.236 GC heap before
{Heap before GC invocations=5 (full 0):
 garbage-first heap   total 131072K, used 69602K [0x0000000080800000, 0x0000000100000000)
  region size 1024K, 58 young (59392K), 4 survivors (4096K)
 Metaspace       used 31723K, capacity 32271K, committed 32512K, reserved 1077248K
  class space    used 3594K, capacity 3840K, committed 3840K, reserved 1048576K
}
Event: 14683.329 GC heap after
{Heap after GC invocations=6 (full 0):
 garbage-first heap   total 131072K, used 14284K [0x0000000080800000, 0x0000000100000000)
  region size 1024K, 4 young (4096K), 4 survivors (4096K)
 Metaspace       used 31723K, capacity 32271K, committed 32512K, reserved 1077248K
  class space    used 3594K, capacity 3840K, committed 3840K, reserved 1048576K
}

